{
  "stats": {
    "suites": 12,
    "tests": 41,
    "passes": 1,
    "pending": 0,
    "failures": 40,
    "start": "2022-03-21T17:45:37.459Z",
    "end": "2022-03-21T17:48:39.368Z",
    "duration": 181909,
    "testsRegistered": 41,
    "passPercent": 2.4390243902439024,
    "pendingPercent": 0,
    "other": 0,
    "hasOther": false,
    "skipped": 0,
    "hasSkipped": false
  },
  "results": [
    {
      "uuid": "9d03fabc-76b2-41a8-9b97-8292c9315304",
      "title": "",
      "fullFile": "cypress/integration/project.spec.js",
      "file": "cypress/integration/project.spec.js",
      "beforeHooks": [],
      "afterHooks": [],
      "tests": [],
      "suites": [
        {
          "uuid": "79282812-ad26-4146-8e2b-1f3d83edbd0f",
          "title": "1 - Adicione à página o título \"Paleta de Cores\".",
          "fullFile": "",
          "file": "",
          "beforeHooks": [],
          "afterHooks": [],
          "tests": [
            {
              "title": "Verifica se contém um elemento `h1` com o id `title` com o título correto",
              "fullTitle": "1 - Adicione à página o título \"Paleta de Cores\". Verifica se contém um elemento `h1` com o id `title` com o título correto",
              "timedOut": null,
              "duration": 551,
              "state": "passed",
              "speed": "slow",
              "pass": true,
              "fail": false,
              "pending": false,
              "context": null,
              "code": "cy.get('h1#title').should('contain.text', 'Paleta de Cores');",
              "err": {},
              "uuid": "72929ad0-32c2-4270-a464-966422b9f161",
              "parentUUID": "79282812-ad26-4146-8e2b-1f3d83edbd0f",
              "isHook": false,
              "skipped": false
            }
          ],
          "suites": [],
          "passes": [
            "72929ad0-32c2-4270-a464-966422b9f161"
          ],
          "failures": [],
          "pending": [],
          "skipped": [],
          "duration": 551,
          "root": false,
          "rootEmpty": false,
          "_timeout": 2000
        },
        {
          "uuid": "07c8e009-fdc5-4f1f-a8a7-1c9e5dea9f7a",
          "title": "2 - Adicione à página uma paleta de quatro cores distintas.",
          "fullFile": "",
          "file": "",
          "beforeHooks": [],
          "afterHooks": [],
          "tests": [
            {
              "title": "A paleta de cores deve ser um elemento com `id` denominado `color-palette` e ter mais de 0px de altura e de largura.",
              "fullTitle": "2 - Adicione à página uma paleta de quatro cores distintas. A paleta de cores deve ser um elemento com `id` denominado `color-palette` e ter mais de 0px de altura e de largura.",
              "timedOut": null,
              "duration": 4880,
              "state": "failed",
              "speed": null,
              "pass": false,
              "fail": true,
              "pending": false,
              "context": null,
              "code": "cy.get('#color-palette').should('be.visible');\ncy.get('#color-palette').children('.color');",
              "err": {
                "message": "CypressError: Timed out retrying: Expected to find element: '#color-palette', but never found it.",
                "estack": "CypressError: Timed out retrying: Expected to find element: '#color-palette', but never found it.\n    at cypressErr (http://localhost:35729/__cypress/runner/cypress_runner.js:149934:9)\n    at throwErr (http://localhost:35729/__cypress/runner/cypress_runner.js:149867:11)\n    at Object.throwErrByPath (http://localhost:35729/__cypress/runner/cypress_runner.js:149915:3)\n    at retry (http://localhost:35729/__cypress/runner/cypress_runner.js:144197:19)\n    at onFailFn (http://localhost:35729/__cypress/runner/cypress_runner.js:132448:16)\n    at tryCatcher (http://localhost:35729/__cypress/runner/cypress_runner.js:167415:23)\n    at Promise._settlePromiseFromHandler (http://localhost:35729/__cypress/runner/cypress_runner.js:165351:31)\n    at Promise._settlePromise (http://localhost:35729/__cypress/runner/cypress_runner.js:165408:18)\n    at Promise._settlePromise0 (http://localhost:35729/__cypress/runner/cypress_runner.js:165453:10)\n    at Promise._settlePromises (http://localhost:35729/__cypress/runner/cypress_runner.js:165528:18)\n    at Async../node_modules/bluebird/js/release/async.js.Async._drainQueue (http://localhost:35729/__cypress/runner/cypress_runner.js:162140:16)\n    at Async../node_modules/bluebird/js/release/async.js.Async._drainQueues (http://localhost:35729/__cypress/runner/cypress_runner.js:162150:10)\n    at Async.drainQueues (http://localhost:35729/__cypress/runner/cypress_runner.js:162024:14)",
                "diff": null
              },
              "uuid": "da98d490-4efc-432a-a4ae-89199de285e9",
              "parentUUID": "07c8e009-fdc5-4f1f-a8a7-1c9e5dea9f7a",
              "isHook": false,
              "skipped": false
            },
            {
              "title": "Verifica se cada cor individual da paleta de cores possui a `classe` chamada `color`.",
              "fullTitle": "2 - Adicione à página uma paleta de quatro cores distintas. Verifica se cada cor individual da paleta de cores possui a `classe` chamada `color`.",
              "timedOut": null,
              "duration": 4423,
              "state": "failed",
              "speed": null,
              "pass": false,
              "fail": true,
              "pending": false,
              "context": null,
              "code": "cy.get('.color').should('have.length', 4).then(function (colors) {\n  for (var i = 0; i < colors.length; i++) {\n    cy.wrap(colors[i]).should('be.visible');\n  }\n});",
              "err": {
                "message": "CypressError: Timed out retrying: Expected to find element: '.color', but never found it.",
                "estack": "CypressError: Timed out retrying: Expected to find element: '.color', but never found it.\n    at cypressErr (http://localhost:35729/__cypress/runner/cypress_runner.js:149934:9)\n    at throwErr (http://localhost:35729/__cypress/runner/cypress_runner.js:149867:11)\n    at Object.throwErrByPath (http://localhost:35729/__cypress/runner/cypress_runner.js:149915:3)\n    at retry (http://localhost:35729/__cypress/runner/cypress_runner.js:144197:19)\n    at onFailFn (http://localhost:35729/__cypress/runner/cypress_runner.js:132448:16)\n    at tryCatcher (http://localhost:35729/__cypress/runner/cypress_runner.js:167415:23)\n    at Promise._settlePromiseFromHandler (http://localhost:35729/__cypress/runner/cypress_runner.js:165351:31)\n    at Promise._settlePromise (http://localhost:35729/__cypress/runner/cypress_runner.js:165408:18)\n    at Promise._settlePromise0 (http://localhost:35729/__cypress/runner/cypress_runner.js:165453:10)\n    at Promise._settlePromises (http://localhost:35729/__cypress/runner/cypress_runner.js:165528:18)\n    at Async../node_modules/bluebird/js/release/async.js.Async._drainQueue (http://localhost:35729/__cypress/runner/cypress_runner.js:162140:16)\n    at Async../node_modules/bluebird/js/release/async.js.Async._drainQueues (http://localhost:35729/__cypress/runner/cypress_runner.js:162150:10)\n    at Async.drainQueues (http://localhost:35729/__cypress/runner/cypress_runner.js:162024:14)",
                "diff": null
              },
              "uuid": "ad86ec73-73d8-447d-9832-850c0151d9a9",
              "parentUUID": "07c8e009-fdc5-4f1f-a8a7-1c9e5dea9f7a",
              "isHook": false,
              "skipped": false
            },
            {
              "title": "Verifica se a cor de fundo de cada elemento da paleta é a cor que o elemento representa. **A única cor não permitida na paleta é a cor branca.**",
              "fullTitle": "2 - Adicione à página uma paleta de quatro cores distintas. Verifica se a cor de fundo de cada elemento da paleta é a cor que o elemento representa. **A única cor não permitida na paleta é a cor branca.**",
              "timedOut": null,
              "duration": 4458,
              "state": "failed",
              "speed": null,
              "pass": false,
              "fail": true,
              "pending": false,
              "context": null,
              "code": "cy.get('.color').each(function (color) {\n  cy.wrap(color).should('have.class', 'color').and('not.have.css', 'background-color', WHITE);\n  cy.wrap(color).should('have.css', 'background-color');\n});",
              "err": {
                "message": "CypressError: Timed out retrying: Expected to find element: '.color', but never found it.",
                "estack": "CypressError: Timed out retrying: Expected to find element: '.color', but never found it.\n    at cypressErr (http://localhost:35729/__cypress/runner/cypress_runner.js:149934:9)\n    at throwErr (http://localhost:35729/__cypress/runner/cypress_runner.js:149867:11)\n    at Object.throwErrByPath (http://localhost:35729/__cypress/runner/cypress_runner.js:149915:3)\n    at retry (http://localhost:35729/__cypress/runner/cypress_runner.js:144197:19)\n    at onFailFn (http://localhost:35729/__cypress/runner/cypress_runner.js:132448:16)\n    at tryCatcher (http://localhost:35729/__cypress/runner/cypress_runner.js:167415:23)\n    at Promise._settlePromiseFromHandler (http://localhost:35729/__cypress/runner/cypress_runner.js:165351:31)\n    at Promise._settlePromise (http://localhost:35729/__cypress/runner/cypress_runner.js:165408:18)\n    at Promise._settlePromise0 (http://localhost:35729/__cypress/runner/cypress_runner.js:165453:10)\n    at Promise._settlePromises (http://localhost:35729/__cypress/runner/cypress_runner.js:165528:18)\n    at Async../node_modules/bluebird/js/release/async.js.Async._drainQueue (http://localhost:35729/__cypress/runner/cypress_runner.js:162140:16)\n    at Async../node_modules/bluebird/js/release/async.js.Async._drainQueues (http://localhost:35729/__cypress/runner/cypress_runner.js:162150:10)\n    at Async.drainQueues (http://localhost:35729/__cypress/runner/cypress_runner.js:162024:14)",
                "diff": null
              },
              "uuid": "fa251be7-b205-471a-a446-3f4ced94d03f",
              "parentUUID": "07c8e009-fdc5-4f1f-a8a7-1c9e5dea9f7a",
              "isHook": false,
              "skipped": false
            },
            {
              "title": "Verifica se cada elemento da paleta de cores tem uma borda preta, sólida e com 1 pixel de largura;",
              "fullTitle": "2 - Adicione à página uma paleta de quatro cores distintas. Verifica se cada elemento da paleta de cores tem uma borda preta, sólida e com 1 pixel de largura;",
              "timedOut": null,
              "duration": 4427,
              "state": "failed",
              "speed": null,
              "pass": false,
              "fail": true,
              "pending": false,
              "context": null,
              "code": "cy.get('.color').each(function (color) {\n  cy.wrap(color).and('have.css', 'border', \"1px solid \".concat(BLACK)).and('have.class', 'color');\n});",
              "err": {
                "message": "CypressError: Timed out retrying: Expected to find element: '.color', but never found it.",
                "estack": "CypressError: Timed out retrying: Expected to find element: '.color', but never found it.\n    at cypressErr (http://localhost:35729/__cypress/runner/cypress_runner.js:149934:9)\n    at throwErr (http://localhost:35729/__cypress/runner/cypress_runner.js:149867:11)\n    at Object.throwErrByPath (http://localhost:35729/__cypress/runner/cypress_runner.js:149915:3)\n    at retry (http://localhost:35729/__cypress/runner/cypress_runner.js:144197:19)\n    at onFailFn (http://localhost:35729/__cypress/runner/cypress_runner.js:132448:16)\n    at tryCatcher (http://localhost:35729/__cypress/runner/cypress_runner.js:167415:23)\n    at Promise._settlePromiseFromHandler (http://localhost:35729/__cypress/runner/cypress_runner.js:165351:31)\n    at Promise._settlePromise (http://localhost:35729/__cypress/runner/cypress_runner.js:165408:18)\n    at Promise._settlePromise0 (http://localhost:35729/__cypress/runner/cypress_runner.js:165453:10)\n    at Promise._settlePromises (http://localhost:35729/__cypress/runner/cypress_runner.js:165528:18)\n    at Async../node_modules/bluebird/js/release/async.js.Async._drainQueue (http://localhost:35729/__cypress/runner/cypress_runner.js:162140:16)\n    at Async../node_modules/bluebird/js/release/async.js.Async._drainQueues (http://localhost:35729/__cypress/runner/cypress_runner.js:162150:10)\n    at Async.drainQueues (http://localhost:35729/__cypress/runner/cypress_runner.js:162024:14)",
                "diff": null
              },
              "uuid": "948c91cc-e98a-4ce6-8f37-7a63ce92ec43",
              "parentUUID": "07c8e009-fdc5-4f1f-a8a7-1c9e5dea9f7a",
              "isHook": false,
              "skipped": false
            },
            {
              "title": "Verifica se a paleta lista todas as cores disponíveis para utilização, lado a lado.",
              "fullTitle": "2 - Adicione à página uma paleta de quatro cores distintas. Verifica se a paleta lista todas as cores disponíveis para utilização, lado a lado.",
              "timedOut": null,
              "duration": 4379,
              "state": "failed",
              "speed": null,
              "pass": false,
              "fail": true,
              "pending": false,
              "context": null,
              "code": "cy.get('.color').then(function (colors) {\n  for (var index = 1; index < colors.length; index += 1) {\n    var currentColor = colors[index];\n    var previousColor = colors[index - 1];\n    cy.wrap(currentColor).should('be.onTheRightOf', previousColor).and('be.horizontallyAlignedWith', previousColor);\n  }\n});",
              "err": {
                "message": "CypressError: Timed out retrying: Expected to find element: '.color', but never found it.",
                "estack": "CypressError: Timed out retrying: Expected to find element: '.color', but never found it.\n    at cypressErr (http://localhost:35729/__cypress/runner/cypress_runner.js:149934:9)\n    at throwErr (http://localhost:35729/__cypress/runner/cypress_runner.js:149867:11)\n    at Object.throwErrByPath (http://localhost:35729/__cypress/runner/cypress_runner.js:149915:3)\n    at retry (http://localhost:35729/__cypress/runner/cypress_runner.js:144197:19)\n    at onFailFn (http://localhost:35729/__cypress/runner/cypress_runner.js:132448:16)\n    at tryCatcher (http://localhost:35729/__cypress/runner/cypress_runner.js:167415:23)\n    at Promise._settlePromiseFromHandler (http://localhost:35729/__cypress/runner/cypress_runner.js:165351:31)\n    at Promise._settlePromise (http://localhost:35729/__cypress/runner/cypress_runner.js:165408:18)\n    at Promise._settlePromise0 (http://localhost:35729/__cypress/runner/cypress_runner.js:165453:10)\n    at Promise._settlePromises (http://localhost:35729/__cypress/runner/cypress_runner.js:165528:18)\n    at Async../node_modules/bluebird/js/release/async.js.Async._drainQueue (http://localhost:35729/__cypress/runner/cypress_runner.js:162140:16)\n    at Async../node_modules/bluebird/js/release/async.js.Async._drainQueues (http://localhost:35729/__cypress/runner/cypress_runner.js:162150:10)\n    at Async.drainQueues (http://localhost:35729/__cypress/runner/cypress_runner.js:162024:14)",
                "diff": null
              },
              "uuid": "51f35951-f4d3-4d8d-9ed5-7e420eb2cb88",
              "parentUUID": "07c8e009-fdc5-4f1f-a8a7-1c9e5dea9f7a",
              "isHook": false,
              "skipped": false
            },
            {
              "title": "Verifica se a paleta de cores está posicionada abaixo do título 'Paleta de Cores'",
              "fullTitle": "2 - Adicione à página uma paleta de quatro cores distintas. Verifica se a paleta de cores está posicionada abaixo do título 'Paleta de Cores'",
              "timedOut": null,
              "duration": 4430,
              "state": "failed",
              "speed": null,
              "pass": false,
              "fail": true,
              "pending": false,
              "context": null,
              "code": "cy.get('h1#title').then(function (title) {\n  cy.get('#color-palette').should('be.belowOf', title);\n});",
              "err": {
                "message": "CypressError: Timed out retrying: Expected to find element: '#color-palette', but never found it.",
                "estack": "CypressError: Timed out retrying: Expected to find element: '#color-palette', but never found it.\n    at cypressErr (http://localhost:35729/__cypress/runner/cypress_runner.js:149934:9)\n    at throwErr (http://localhost:35729/__cypress/runner/cypress_runner.js:149867:11)\n    at Object.throwErrByPath (http://localhost:35729/__cypress/runner/cypress_runner.js:149915:3)\n    at retry (http://localhost:35729/__cypress/runner/cypress_runner.js:144197:19)\n    at onFailFn (http://localhost:35729/__cypress/runner/cypress_runner.js:132448:16)\n    at tryCatcher (http://localhost:35729/__cypress/runner/cypress_runner.js:167415:23)\n    at Promise._settlePromiseFromHandler (http://localhost:35729/__cypress/runner/cypress_runner.js:165351:31)\n    at Promise._settlePromise (http://localhost:35729/__cypress/runner/cypress_runner.js:165408:18)\n    at Promise._settlePromise0 (http://localhost:35729/__cypress/runner/cypress_runner.js:165453:10)\n    at Promise._settlePromises (http://localhost:35729/__cypress/runner/cypress_runner.js:165528:18)\n    at Async../node_modules/bluebird/js/release/async.js.Async._drainQueue (http://localhost:35729/__cypress/runner/cypress_runner.js:162140:16)\n    at Async../node_modules/bluebird/js/release/async.js.Async._drainQueues (http://localhost:35729/__cypress/runner/cypress_runner.js:162150:10)\n    at Async.drainQueues (http://localhost:35729/__cypress/runner/cypress_runner.js:162024:14)",
                "diff": null
              },
              "uuid": "10c856e9-4ca5-4130-8227-8228fbc5d509",
              "parentUUID": "07c8e009-fdc5-4f1f-a8a7-1c9e5dea9f7a",
              "isHook": false,
              "skipped": false
            },
            {
              "title": "Verifica se a paleta de cores não contém cores repetidas.",
              "fullTitle": "2 - Adicione à página uma paleta de quatro cores distintas. Verifica se a paleta de cores não contém cores repetidas.",
              "timedOut": null,
              "duration": 4464,
              "state": "failed",
              "speed": null,
              "pass": false,
              "fail": true,
              "pending": false,
              "context": null,
              "code": "cy.get('.color').then(function (colors) {\n  var allColors = Array.from(colors).map(function (color) {\n    return Cypress.$(color).css('background-color');\n  });\n  cy.log(allColors);\n  var uniqColors = (0, _toConsumableArray2[\"default\"])(new Set(allColors));\n  cy.log(uniqColors);\n  expect(allColors.length).to.eq(uniqColors.length);\n});",
              "err": {
                "message": "CypressError: Timed out retrying: Expected to find element: '.color', but never found it.",
                "estack": "CypressError: Timed out retrying: Expected to find element: '.color', but never found it.\n    at cypressErr (http://localhost:35729/__cypress/runner/cypress_runner.js:149934:9)\n    at throwErr (http://localhost:35729/__cypress/runner/cypress_runner.js:149867:11)\n    at Object.throwErrByPath (http://localhost:35729/__cypress/runner/cypress_runner.js:149915:3)\n    at retry (http://localhost:35729/__cypress/runner/cypress_runner.js:144197:19)\n    at onFailFn (http://localhost:35729/__cypress/runner/cypress_runner.js:132448:16)\n    at tryCatcher (http://localhost:35729/__cypress/runner/cypress_runner.js:167415:23)\n    at Promise._settlePromiseFromHandler (http://localhost:35729/__cypress/runner/cypress_runner.js:165351:31)\n    at Promise._settlePromise (http://localhost:35729/__cypress/runner/cypress_runner.js:165408:18)\n    at Promise._settlePromise0 (http://localhost:35729/__cypress/runner/cypress_runner.js:165453:10)\n    at Promise._settlePromises (http://localhost:35729/__cypress/runner/cypress_runner.js:165528:18)\n    at Async../node_modules/bluebird/js/release/async.js.Async._drainQueue (http://localhost:35729/__cypress/runner/cypress_runner.js:162140:16)\n    at Async../node_modules/bluebird/js/release/async.js.Async._drainQueues (http://localhost:35729/__cypress/runner/cypress_runner.js:162150:10)\n    at Async.drainQueues (http://localhost:35729/__cypress/runner/cypress_runner.js:162024:14)",
                "diff": null
              },
              "uuid": "1bedea6b-7272-492b-878f-281630d70af8",
              "parentUUID": "07c8e009-fdc5-4f1f-a8a7-1c9e5dea9f7a",
              "isHook": false,
              "skipped": false
            }
          ],
          "suites": [],
          "passes": [],
          "failures": [
            "da98d490-4efc-432a-a4ae-89199de285e9",
            "ad86ec73-73d8-447d-9832-850c0151d9a9",
            "fa251be7-b205-471a-a446-3f4ced94d03f",
            "948c91cc-e98a-4ce6-8f37-7a63ce92ec43",
            "51f35951-f4d3-4d8d-9ed5-7e420eb2cb88",
            "10c856e9-4ca5-4130-8227-8228fbc5d509",
            "1bedea6b-7272-492b-878f-281630d70af8"
          ],
          "pending": [],
          "skipped": [],
          "duration": 31461,
          "root": false,
          "rootEmpty": false,
          "_timeout": 2000
        },
        {
          "uuid": "f0c72e1e-fcb7-4ce2-928a-9cc4f2cc051a",
          "title": "3 - Adicione a cor **preta** como a primeira cor da paleta de cores.",
          "fullFile": "",
          "file": "",
          "beforeHooks": [],
          "afterHooks": [],
          "tests": [
            {
              "title": "Verifica se a primeira cor da paleta é preta",
              "fullTitle": "3 - Adicione a cor **preta** como a primeira cor da paleta de cores. Verifica se a primeira cor da paleta é preta",
              "timedOut": null,
              "duration": 4488,
              "state": "failed",
              "speed": null,
              "pass": false,
              "fail": true,
              "pending": false,
              "context": null,
              "code": "cy.get('.color').first().should('have.css', 'background-color', BLACK);",
              "err": {
                "message": "CypressError: Timed out retrying: Expected to find element: '.color', but never found it.",
                "estack": "CypressError: Timed out retrying: Expected to find element: '.color', but never found it.\n    at cypressErr (http://localhost:35729/__cypress/runner/cypress_runner.js:149934:9)\n    at throwErr (http://localhost:35729/__cypress/runner/cypress_runner.js:149867:11)\n    at Object.throwErrByPath (http://localhost:35729/__cypress/runner/cypress_runner.js:149915:3)\n    at retry (http://localhost:35729/__cypress/runner/cypress_runner.js:144197:19)\n    at onFailFn (http://localhost:35729/__cypress/runner/cypress_runner.js:132448:16)\n    at tryCatcher (http://localhost:35729/__cypress/runner/cypress_runner.js:167415:23)\n    at Promise._settlePromiseFromHandler (http://localhost:35729/__cypress/runner/cypress_runner.js:165351:31)\n    at Promise._settlePromise (http://localhost:35729/__cypress/runner/cypress_runner.js:165408:18)\n    at Promise._settlePromise0 (http://localhost:35729/__cypress/runner/cypress_runner.js:165453:10)\n    at Promise._settlePromises (http://localhost:35729/__cypress/runner/cypress_runner.js:165528:18)\n    at Async../node_modules/bluebird/js/release/async.js.Async._drainQueue (http://localhost:35729/__cypress/runner/cypress_runner.js:162140:16)\n    at Async../node_modules/bluebird/js/release/async.js.Async._drainQueues (http://localhost:35729/__cypress/runner/cypress_runner.js:162150:10)\n    at Async.drainQueues (http://localhost:35729/__cypress/runner/cypress_runner.js:162024:14)",
                "diff": null
              },
              "uuid": "e5ac06c6-0722-4e42-9f6c-bbf90b300589",
              "parentUUID": "f0c72e1e-fcb7-4ce2-928a-9cc4f2cc051a",
              "isHook": false,
              "skipped": false
            },
            {
              "title": "Verifica se as demais cores podem ser escolhidas livremente.",
              "fullTitle": "3 - Adicione a cor **preta** como a primeira cor da paleta de cores. Verifica se as demais cores podem ser escolhidas livremente.",
              "timedOut": null,
              "duration": 4364,
              "state": "failed",
              "speed": null,
              "pass": false,
              "fail": true,
              "pending": false,
              "context": null,
              "code": "cy.get('.color').eq(1).should('not.have.css', 'background-color', BLACK);\ncy.get('.color').eq(1).should('not.have.css', 'background-color', WHITE);\ncy.get('.color').eq(1).should('not.have.css', 'background-color', 'rgba(0, 0, 0, 0)');\ncy.get('.color').eq(1).should('have.css', 'background-color');\ncy.get('.color').eq(2).should('not.have.css', 'background-color', BLACK);\ncy.get('.color').eq(2).should('not.have.css', 'background-color', WHITE);\ncy.get('.color').eq(2).should('not.have.css', 'background-color', 'rgba(0, 0, 0, 0)');\ncy.get('.color').eq(2).should('have.css', 'background-color');\ncy.get('.color').eq(3).should('not.have.css', 'background-color', BLACK);\ncy.get('.color').eq(3).should('not.have.css', 'background-color', WHITE);\ncy.get('.color').eq(3).should('not.have.css', 'background-color', 'rgba(0, 0, 0, 0)');\ncy.get('.color').eq(3).should('have.css', 'background-color');",
              "err": {
                "message": "CypressError: Timed out retrying: Expected to find element: '.color', but never found it.",
                "estack": "CypressError: Timed out retrying: Expected to find element: '.color', but never found it.\n    at cypressErr (http://localhost:35729/__cypress/runner/cypress_runner.js:149934:9)\n    at throwErr (http://localhost:35729/__cypress/runner/cypress_runner.js:149867:11)\n    at Object.throwErrByPath (http://localhost:35729/__cypress/runner/cypress_runner.js:149915:3)\n    at retry (http://localhost:35729/__cypress/runner/cypress_runner.js:144197:19)\n    at onFailFn (http://localhost:35729/__cypress/runner/cypress_runner.js:132448:16)\n    at tryCatcher (http://localhost:35729/__cypress/runner/cypress_runner.js:167415:23)\n    at Promise._settlePromiseFromHandler (http://localhost:35729/__cypress/runner/cypress_runner.js:165351:31)\n    at Promise._settlePromise (http://localhost:35729/__cypress/runner/cypress_runner.js:165408:18)\n    at Promise._settlePromise0 (http://localhost:35729/__cypress/runner/cypress_runner.js:165453:10)\n    at Promise._settlePromises (http://localhost:35729/__cypress/runner/cypress_runner.js:165528:18)\n    at Async../node_modules/bluebird/js/release/async.js.Async._drainQueue (http://localhost:35729/__cypress/runner/cypress_runner.js:162140:16)\n    at Async../node_modules/bluebird/js/release/async.js.Async._drainQueues (http://localhost:35729/__cypress/runner/cypress_runner.js:162150:10)\n    at Async.drainQueues (http://localhost:35729/__cypress/runner/cypress_runner.js:162024:14)",
                "diff": null
              },
              "uuid": "56bdf514-8e0d-404c-b921-14e010605bc8",
              "parentUUID": "f0c72e1e-fcb7-4ce2-928a-9cc4f2cc051a",
              "isHook": false,
              "skipped": false
            }
          ],
          "suites": [],
          "passes": [],
          "failures": [
            "e5ac06c6-0722-4e42-9f6c-bbf90b300589",
            "56bdf514-8e0d-404c-b921-14e010605bc8"
          ],
          "pending": [],
          "skipped": [],
          "duration": 8852,
          "root": false,
          "rootEmpty": false,
          "_timeout": 2000
        },
        {
          "uuid": "0dcb0b0b-17c1-45e6-b935-1775b57a57f0",
          "title": "4 - Adicione à página um quadro de pixels, com 25 pixels.",
          "fullFile": "",
          "file": "",
          "beforeHooks": [],
          "afterHooks": [],
          "tests": [
            {
              "title": "Verifica se o quadro de pixels possui o `id` denominado `pixel-board`",
              "fullTitle": "4 - Adicione à página um quadro de pixels, com 25 pixels. Verifica se o quadro de pixels possui o `id` denominado `pixel-board`",
              "timedOut": null,
              "duration": 4430,
              "state": "failed",
              "speed": null,
              "pass": false,
              "fail": true,
              "pending": false,
              "context": null,
              "code": "cy.get('#pixel-board').should('be.visible');",
              "err": {
                "message": "CypressError: Timed out retrying: Expected to find element: '#pixel-board', but never found it.",
                "estack": "CypressError: Timed out retrying: Expected to find element: '#pixel-board', but never found it.\n    at cypressErr (http://localhost:35729/__cypress/runner/cypress_runner.js:149934:9)\n    at throwErr (http://localhost:35729/__cypress/runner/cypress_runner.js:149867:11)\n    at Object.throwErrByPath (http://localhost:35729/__cypress/runner/cypress_runner.js:149915:3)\n    at retry (http://localhost:35729/__cypress/runner/cypress_runner.js:144197:19)\n    at onFailFn (http://localhost:35729/__cypress/runner/cypress_runner.js:132448:16)\n    at tryCatcher (http://localhost:35729/__cypress/runner/cypress_runner.js:167415:23)\n    at Promise._settlePromiseFromHandler (http://localhost:35729/__cypress/runner/cypress_runner.js:165351:31)\n    at Promise._settlePromise (http://localhost:35729/__cypress/runner/cypress_runner.js:165408:18)\n    at Promise._settlePromise0 (http://localhost:35729/__cypress/runner/cypress_runner.js:165453:10)\n    at Promise._settlePromises (http://localhost:35729/__cypress/runner/cypress_runner.js:165528:18)\n    at Async../node_modules/bluebird/js/release/async.js.Async._drainQueue (http://localhost:35729/__cypress/runner/cypress_runner.js:162140:16)\n    at Async../node_modules/bluebird/js/release/async.js.Async._drainQueues (http://localhost:35729/__cypress/runner/cypress_runner.js:162150:10)\n    at Async.drainQueues (http://localhost:35729/__cypress/runner/cypress_runner.js:162024:14)",
                "diff": null
              },
              "uuid": "96c66189-cb72-44d7-bac0-283a5f18d9dc",
              "parentUUID": "0dcb0b0b-17c1-45e6-b935-1775b57a57f0",
              "isHook": false,
              "skipped": false
            },
            {
              "title": "Verifica se cada pixel individual dentro do quadro possui a `classe` denominada `pixel`.",
              "fullTitle": "4 - Adicione à página um quadro de pixels, com 25 pixels. Verifica se cada pixel individual dentro do quadro possui a `classe` denominada `pixel`.",
              "timedOut": null,
              "duration": 4413,
              "state": "failed",
              "speed": null,
              "pass": false,
              "fail": true,
              "pending": false,
              "context": null,
              "code": "cy.get('.pixel').should('have.length', 25);",
              "err": {
                "message": "CypressError: Timed out retrying: Expected to find element: '.pixel', but never found it.",
                "estack": "CypressError: Timed out retrying: Expected to find element: '.pixel', but never found it.\n    at cypressErr (http://localhost:35729/__cypress/runner/cypress_runner.js:149934:9)\n    at throwErr (http://localhost:35729/__cypress/runner/cypress_runner.js:149867:11)\n    at Object.throwErrByPath (http://localhost:35729/__cypress/runner/cypress_runner.js:149915:3)\n    at retry (http://localhost:35729/__cypress/runner/cypress_runner.js:144197:19)\n    at onFailFn (http://localhost:35729/__cypress/runner/cypress_runner.js:132448:16)\n    at tryCatcher (http://localhost:35729/__cypress/runner/cypress_runner.js:167415:23)\n    at Promise._settlePromiseFromHandler (http://localhost:35729/__cypress/runner/cypress_runner.js:165351:31)\n    at Promise._settlePromise (http://localhost:35729/__cypress/runner/cypress_runner.js:165408:18)\n    at Promise._settlePromise0 (http://localhost:35729/__cypress/runner/cypress_runner.js:165453:10)\n    at Promise._settlePromises (http://localhost:35729/__cypress/runner/cypress_runner.js:165528:18)\n    at Async../node_modules/bluebird/js/release/async.js.Async._drainQueue (http://localhost:35729/__cypress/runner/cypress_runner.js:162140:16)\n    at Async../node_modules/bluebird/js/release/async.js.Async._drainQueues (http://localhost:35729/__cypress/runner/cypress_runner.js:162150:10)\n    at Async.drainQueues (http://localhost:35729/__cypress/runner/cypress_runner.js:162024:14)",
                "diff": null
              },
              "uuid": "2dc45854-faa3-4a21-824d-5b933ec66906",
              "parentUUID": "0dcb0b0b-17c1-45e6-b935-1775b57a57f0",
              "isHook": false,
              "skipped": false
            },
            {
              "title": "Verifica se a cor inicial dos pixels dentro do quadro, ao abrir a página, é branca.",
              "fullTitle": "4 - Adicione à página um quadro de pixels, com 25 pixels. Verifica se a cor inicial dos pixels dentro do quadro, ao abrir a página, é branca.",
              "timedOut": null,
              "duration": 4445,
              "state": "failed",
              "speed": null,
              "pass": false,
              "fail": true,
              "pending": false,
              "context": null,
              "code": "cy.get('.pixel').should('have.length', 25).each(function (pixel) {\n  expect(pixel).to.have.css('background-color', WHITE);\n});",
              "err": {
                "message": "CypressError: Timed out retrying: Expected to find element: '.pixel', but never found it.",
                "estack": "CypressError: Timed out retrying: Expected to find element: '.pixel', but never found it.\n    at cypressErr (http://localhost:35729/__cypress/runner/cypress_runner.js:149934:9)\n    at throwErr (http://localhost:35729/__cypress/runner/cypress_runner.js:149867:11)\n    at Object.throwErrByPath (http://localhost:35729/__cypress/runner/cypress_runner.js:149915:3)\n    at retry (http://localhost:35729/__cypress/runner/cypress_runner.js:144197:19)\n    at onFailFn (http://localhost:35729/__cypress/runner/cypress_runner.js:132448:16)\n    at tryCatcher (http://localhost:35729/__cypress/runner/cypress_runner.js:167415:23)\n    at Promise._settlePromiseFromHandler (http://localhost:35729/__cypress/runner/cypress_runner.js:165351:31)\n    at Promise._settlePromise (http://localhost:35729/__cypress/runner/cypress_runner.js:165408:18)\n    at Promise._settlePromise0 (http://localhost:35729/__cypress/runner/cypress_runner.js:165453:10)\n    at Promise._settlePromises (http://localhost:35729/__cypress/runner/cypress_runner.js:165528:18)\n    at Async../node_modules/bluebird/js/release/async.js.Async._drainQueue (http://localhost:35729/__cypress/runner/cypress_runner.js:162140:16)\n    at Async../node_modules/bluebird/js/release/async.js.Async._drainQueues (http://localhost:35729/__cypress/runner/cypress_runner.js:162150:10)\n    at Async.drainQueues (http://localhost:35729/__cypress/runner/cypress_runner.js:162024:14)",
                "diff": null
              },
              "uuid": "dfaf55c9-e8ca-49c9-9e1b-33087168df4c",
              "parentUUID": "0dcb0b0b-17c1-45e6-b935-1775b57a57f0",
              "isHook": false,
              "skipped": false
            },
            {
              "title": "Verifica se o quadro de pixels aparece abaixo da paleta de cores",
              "fullTitle": "4 - Adicione à página um quadro de pixels, com 25 pixels. Verifica se o quadro de pixels aparece abaixo da paleta de cores",
              "timedOut": null,
              "duration": 4445,
              "state": "failed",
              "speed": null,
              "pass": false,
              "fail": true,
              "pending": false,
              "context": null,
              "code": "cy.get('#color-palette').then(function (palette) {\n  cy.get('#pixel-board').should('be.belowOf', palette);\n});",
              "err": {
                "message": "CypressError: Timed out retrying: Expected to find element: '#color-palette', but never found it.",
                "estack": "CypressError: Timed out retrying: Expected to find element: '#color-palette', but never found it.\n    at cypressErr (http://localhost:35729/__cypress/runner/cypress_runner.js:149934:9)\n    at throwErr (http://localhost:35729/__cypress/runner/cypress_runner.js:149867:11)\n    at Object.throwErrByPath (http://localhost:35729/__cypress/runner/cypress_runner.js:149915:3)\n    at retry (http://localhost:35729/__cypress/runner/cypress_runner.js:144197:19)\n    at onFailFn (http://localhost:35729/__cypress/runner/cypress_runner.js:132448:16)\n    at tryCatcher (http://localhost:35729/__cypress/runner/cypress_runner.js:167415:23)\n    at Promise._settlePromiseFromHandler (http://localhost:35729/__cypress/runner/cypress_runner.js:165351:31)\n    at Promise._settlePromise (http://localhost:35729/__cypress/runner/cypress_runner.js:165408:18)\n    at Promise._settlePromise0 (http://localhost:35729/__cypress/runner/cypress_runner.js:165453:10)\n    at Promise._settlePromises (http://localhost:35729/__cypress/runner/cypress_runner.js:165528:18)\n    at Async../node_modules/bluebird/js/release/async.js.Async._drainQueue (http://localhost:35729/__cypress/runner/cypress_runner.js:162140:16)\n    at Async../node_modules/bluebird/js/release/async.js.Async._drainQueues (http://localhost:35729/__cypress/runner/cypress_runner.js:162150:10)\n    at Async.drainQueues (http://localhost:35729/__cypress/runner/cypress_runner.js:162024:14)",
                "diff": null
              },
              "uuid": "6d1c1e44-ca03-4564-ba07-b3c6369b3e3e",
              "parentUUID": "0dcb0b0b-17c1-45e6-b935-1775b57a57f0",
              "isHook": false,
              "skipped": false
            }
          ],
          "suites": [],
          "passes": [],
          "failures": [
            "96c66189-cb72-44d7-bac0-283a5f18d9dc",
            "2dc45854-faa3-4a21-824d-5b933ec66906",
            "dfaf55c9-e8ca-49c9-9e1b-33087168df4c",
            "6d1c1e44-ca03-4564-ba07-b3c6369b3e3e"
          ],
          "pending": [],
          "skipped": [],
          "duration": 17733,
          "root": false,
          "rootEmpty": false,
          "_timeout": 2000
        },
        {
          "uuid": "196b97cb-8cfa-480a-847c-c2801bde597b",
          "title": "5 - Faça com que cada elemento do quadro de pixels possua 40 pixels de largura, 40 pixels de altura e seja delimitado por uma borda preta de 1 pixel.",
          "fullFile": "",
          "file": "",
          "beforeHooks": [],
          "afterHooks": [],
          "tests": [
            {
              "title": "Verifica se o quadro de pixels tem altura e comprimento de 5 elementos",
              "fullTitle": "5 - Faça com que cada elemento do quadro de pixels possua 40 pixels de largura, 40 pixels de altura e seja delimitado por uma borda preta de 1 pixel. Verifica se o quadro de pixels tem altura e comprimento de 5 elementos",
              "timedOut": null,
              "duration": 4493,
              "state": "failed",
              "speed": null,
              "pass": false,
              "fail": true,
              "pending": false,
              "context": null,
              "code": "cy.get('.pixel').should('have.length', 25).each(function (pixel) {\n  expect(pixel).to.have.css('background-color', WHITE);\n}).and(function (pixels) {\n  var rows = chunk(pixels, 5);\n  rows.forEach(function (row) {\n    for (var index = 1; index < row.length; index += 1) {\n      var current = pixels[index];\n      var previous = pixels[index - 1];\n      cy.wrap(current).should('be.onTheRightOf', previous).and('be.horizontallyAlignedWith', previous);\n    }\n  });\n  for (var index = 1; index < 5; index += 1) {\n    expect(pixels[index * 5]).to.be.belowOf(pixels[(index - 1) * 5]);\n  }\n});",
              "err": {
                "message": "CypressError: Timed out retrying: Expected to find element: '.pixel', but never found it.",
                "estack": "CypressError: Timed out retrying: Expected to find element: '.pixel', but never found it.\n    at cypressErr (http://localhost:35729/__cypress/runner/cypress_runner.js:149934:9)\n    at throwErr (http://localhost:35729/__cypress/runner/cypress_runner.js:149867:11)\n    at Object.throwErrByPath (http://localhost:35729/__cypress/runner/cypress_runner.js:149915:3)\n    at retry (http://localhost:35729/__cypress/runner/cypress_runner.js:144197:19)\n    at onFailFn (http://localhost:35729/__cypress/runner/cypress_runner.js:132448:16)\n    at tryCatcher (http://localhost:35729/__cypress/runner/cypress_runner.js:167415:23)\n    at Promise._settlePromiseFromHandler (http://localhost:35729/__cypress/runner/cypress_runner.js:165351:31)\n    at Promise._settlePromise (http://localhost:35729/__cypress/runner/cypress_runner.js:165408:18)\n    at Promise._settlePromise0 (http://localhost:35729/__cypress/runner/cypress_runner.js:165453:10)\n    at Promise._settlePromises (http://localhost:35729/__cypress/runner/cypress_runner.js:165528:18)\n    at Async../node_modules/bluebird/js/release/async.js.Async._drainQueue (http://localhost:35729/__cypress/runner/cypress_runner.js:162140:16)\n    at Async../node_modules/bluebird/js/release/async.js.Async._drainQueues (http://localhost:35729/__cypress/runner/cypress_runner.js:162150:10)\n    at Async.drainQueues (http://localhost:35729/__cypress/runner/cypress_runner.js:162024:14)",
                "diff": null
              },
              "uuid": "5121f8b3-ac67-4869-bebf-83f43905c1cb",
              "parentUUID": "196b97cb-8cfa-480a-847c-c2801bde597b",
              "isHook": false,
              "skipped": false
            },
            {
              "title": "Verifica se 40 pixels é o tamanho total do elemento, incluindo seu conteúdo e excluindo a borda preta, que deve ser criada à parte.",
              "fullTitle": "5 - Faça com que cada elemento do quadro de pixels possua 40 pixels de largura, 40 pixels de altura e seja delimitado por uma borda preta de 1 pixel. Verifica se 40 pixels é o tamanho total do elemento, incluindo seu conteúdo e excluindo a borda preta, que deve ser criada à parte.",
              "timedOut": null,
              "duration": 4371,
              "state": "failed",
              "speed": null,
              "pass": false,
              "fail": true,
              "pending": false,
              "context": null,
              "code": "cy.get('.pixel').each(function (pixel) {\n  cy.wrap(pixel).should('have.css', 'height', '40px').and('have.css', 'width', '40px').and('have.css', 'border', \"1px solid \".concat(BLACK));\n});",
              "err": {
                "message": "CypressError: Timed out retrying: Expected to find element: '.pixel', but never found it.",
                "estack": "CypressError: Timed out retrying: Expected to find element: '.pixel', but never found it.\n    at cypressErr (http://localhost:35729/__cypress/runner/cypress_runner.js:149934:9)\n    at throwErr (http://localhost:35729/__cypress/runner/cypress_runner.js:149867:11)\n    at Object.throwErrByPath (http://localhost:35729/__cypress/runner/cypress_runner.js:149915:3)\n    at retry (http://localhost:35729/__cypress/runner/cypress_runner.js:144197:19)\n    at onFailFn (http://localhost:35729/__cypress/runner/cypress_runner.js:132448:16)\n    at tryCatcher (http://localhost:35729/__cypress/runner/cypress_runner.js:167415:23)\n    at Promise._settlePromiseFromHandler (http://localhost:35729/__cypress/runner/cypress_runner.js:165351:31)\n    at Promise._settlePromise (http://localhost:35729/__cypress/runner/cypress_runner.js:165408:18)\n    at Promise._settlePromise0 (http://localhost:35729/__cypress/runner/cypress_runner.js:165453:10)\n    at Promise._settlePromises (http://localhost:35729/__cypress/runner/cypress_runner.js:165528:18)\n    at Async../node_modules/bluebird/js/release/async.js.Async._drainQueue (http://localhost:35729/__cypress/runner/cypress_runner.js:162140:16)\n    at Async../node_modules/bluebird/js/release/async.js.Async._drainQueues (http://localhost:35729/__cypress/runner/cypress_runner.js:162150:10)\n    at Async.drainQueues (http://localhost:35729/__cypress/runner/cypress_runner.js:162024:14)",
                "diff": null
              },
              "uuid": "9f07b7fa-13d5-4c46-ab54-c1df3d695633",
              "parentUUID": "196b97cb-8cfa-480a-847c-c2801bde597b",
              "isHook": false,
              "skipped": false
            }
          ],
          "suites": [],
          "passes": [],
          "failures": [
            "5121f8b3-ac67-4869-bebf-83f43905c1cb",
            "9f07b7fa-13d5-4c46-ab54-c1df3d695633"
          ],
          "pending": [],
          "skipped": [],
          "duration": 8864,
          "root": false,
          "rootEmpty": false,
          "_timeout": 2000
        },
        {
          "uuid": "a30e337a-036b-48d1-a61b-30572d79e54e",
          "title": "6 - Defina a cor preta como cor inicial. Ao carregar a página a cor preta já deve estar selecionada para pintar os pixels",
          "fullFile": "",
          "file": "",
          "beforeHooks": [],
          "afterHooks": [],
          "tests": [
            {
              "title": "Verifica se o elemento da cor preta possui, inicialmente, a `classe` `selected`",
              "fullTitle": "6 - Defina a cor preta como cor inicial. Ao carregar a página a cor preta já deve estar selecionada para pintar os pixels Verifica se o elemento da cor preta possui, inicialmente, a `classe` `selected`",
              "timedOut": null,
              "duration": 4468,
              "state": "failed",
              "speed": null,
              "pass": false,
              "fail": true,
              "pending": false,
              "context": null,
              "code": "cy.get('.selected').first().should('have.css', 'background-color', BLACK);",
              "err": {
                "message": "CypressError: Timed out retrying: Expected to find element: '.selected', but never found it.",
                "estack": "CypressError: Timed out retrying: Expected to find element: '.selected', but never found it.\n    at cypressErr (http://localhost:35729/__cypress/runner/cypress_runner.js:149934:9)\n    at throwErr (http://localhost:35729/__cypress/runner/cypress_runner.js:149867:11)\n    at Object.throwErrByPath (http://localhost:35729/__cypress/runner/cypress_runner.js:149915:3)\n    at retry (http://localhost:35729/__cypress/runner/cypress_runner.js:144197:19)\n    at onFailFn (http://localhost:35729/__cypress/runner/cypress_runner.js:132448:16)\n    at tryCatcher (http://localhost:35729/__cypress/runner/cypress_runner.js:167415:23)\n    at Promise._settlePromiseFromHandler (http://localhost:35729/__cypress/runner/cypress_runner.js:165351:31)\n    at Promise._settlePromise (http://localhost:35729/__cypress/runner/cypress_runner.js:165408:18)\n    at Promise._settlePromise0 (http://localhost:35729/__cypress/runner/cypress_runner.js:165453:10)\n    at Promise._settlePromises (http://localhost:35729/__cypress/runner/cypress_runner.js:165528:18)\n    at Async../node_modules/bluebird/js/release/async.js.Async._drainQueue (http://localhost:35729/__cypress/runner/cypress_runner.js:162140:16)\n    at Async../node_modules/bluebird/js/release/async.js.Async._drainQueues (http://localhost:35729/__cypress/runner/cypress_runner.js:162150:10)\n    at Async.drainQueues (http://localhost:35729/__cypress/runner/cypress_runner.js:162024:14)",
                "diff": null
              },
              "uuid": "dd9c6857-93f9-46bc-ba25-258ccb0456c4",
              "parentUUID": "a30e337a-036b-48d1-a61b-30572d79e54e",
              "isHook": false,
              "skipped": false
            },
            {
              "title": "Verifica se nenhuma outra cor da paleta tem a `classe` `selected`",
              "fullTitle": "6 - Defina a cor preta como cor inicial. Ao carregar a página a cor preta já deve estar selecionada para pintar os pixels Verifica se nenhuma outra cor da paleta tem a `classe` `selected`",
              "timedOut": null,
              "duration": 4439,
              "state": "failed",
              "speed": null,
              "pass": false,
              "fail": true,
              "pending": false,
              "context": null,
              "code": "cy.get('.color:not(:first-child)').each(function (color) {\n  cy.wrap(color).should('not.have.class', 'selected');\n});",
              "err": {
                "message": "CypressError: Timed out retrying: Expected to find element: '.color:not(:first-child)', but never found it.",
                "estack": "CypressError: Timed out retrying: Expected to find element: '.color:not(:first-child)', but never found it.\n    at cypressErr (http://localhost:35729/__cypress/runner/cypress_runner.js:149934:9)\n    at throwErr (http://localhost:35729/__cypress/runner/cypress_runner.js:149867:11)\n    at Object.throwErrByPath (http://localhost:35729/__cypress/runner/cypress_runner.js:149915:3)\n    at retry (http://localhost:35729/__cypress/runner/cypress_runner.js:144197:19)\n    at onFailFn (http://localhost:35729/__cypress/runner/cypress_runner.js:132448:16)\n    at tryCatcher (http://localhost:35729/__cypress/runner/cypress_runner.js:167415:23)\n    at Promise._settlePromiseFromHandler (http://localhost:35729/__cypress/runner/cypress_runner.js:165351:31)\n    at Promise._settlePromise (http://localhost:35729/__cypress/runner/cypress_runner.js:165408:18)\n    at Promise._settlePromise0 (http://localhost:35729/__cypress/runner/cypress_runner.js:165453:10)\n    at Promise._settlePromises (http://localhost:35729/__cypress/runner/cypress_runner.js:165528:18)\n    at Async../node_modules/bluebird/js/release/async.js.Async._drainQueue (http://localhost:35729/__cypress/runner/cypress_runner.js:162140:16)\n    at Async../node_modules/bluebird/js/release/async.js.Async._drainQueues (http://localhost:35729/__cypress/runner/cypress_runner.js:162150:10)\n    at Async.drainQueues (http://localhost:35729/__cypress/runner/cypress_runner.js:162024:14)",
                "diff": null
              },
              "uuid": "5f2ee191-a732-4adb-bed1-63626593b25d",
              "parentUUID": "a30e337a-036b-48d1-a61b-30572d79e54e",
              "isHook": false,
              "skipped": false
            }
          ],
          "suites": [],
          "passes": [],
          "failures": [
            "dd9c6857-93f9-46bc-ba25-258ccb0456c4",
            "5f2ee191-a732-4adb-bed1-63626593b25d"
          ],
          "pending": [],
          "skipped": [],
          "duration": 8907,
          "root": false,
          "rootEmpty": false,
          "_timeout": 2000
        },
        {
          "uuid": "b4cf0196-1f9a-4dd7-8122-583f389d4523",
          "title": "7 - Clicar em uma das cores da paleta, faz com que ela seja selecionada e utilizada para preencher os pixels no quadro.",
          "fullFile": "",
          "file": "",
          "beforeHooks": [],
          "afterHooks": [],
          "tests": [
            {
              "title": "Verifica se somente uma cor da paleta de cores tem a classe `selected` de cada vez",
              "fullTitle": "7 - Clicar em uma das cores da paleta, faz com que ela seja selecionada e utilizada para preencher os pixels no quadro. Verifica se somente uma cor da paleta de cores tem a classe `selected` de cada vez",
              "timedOut": null,
              "duration": 4430,
              "state": "failed",
              "speed": null,
              "pass": false,
              "fail": true,
              "pending": false,
              "context": null,
              "code": "cy.get('.color').each(function (selectedColor, selectedColorIndex) {\n  cy.wrap(selectedColor).click();\n  cy.get('.color').each(function (color, colorIndex) {\n    if (colorIndex === selectedColorIndex) {\n      expect(color).to.have[\"class\"]('selected');\n    } else {\n      expect(color).not.to.have[\"class\"]('selected');\n    }\n  });\n});",
              "err": {
                "message": "CypressError: Timed out retrying: Expected to find element: '.color', but never found it.",
                "estack": "CypressError: Timed out retrying: Expected to find element: '.color', but never found it.\n    at cypressErr (http://localhost:35729/__cypress/runner/cypress_runner.js:149934:9)\n    at throwErr (http://localhost:35729/__cypress/runner/cypress_runner.js:149867:11)\n    at Object.throwErrByPath (http://localhost:35729/__cypress/runner/cypress_runner.js:149915:3)\n    at retry (http://localhost:35729/__cypress/runner/cypress_runner.js:144197:19)\n    at onFailFn (http://localhost:35729/__cypress/runner/cypress_runner.js:132448:16)\n    at tryCatcher (http://localhost:35729/__cypress/runner/cypress_runner.js:167415:23)\n    at Promise._settlePromiseFromHandler (http://localhost:35729/__cypress/runner/cypress_runner.js:165351:31)\n    at Promise._settlePromise (http://localhost:35729/__cypress/runner/cypress_runner.js:165408:18)\n    at Promise._settlePromise0 (http://localhost:35729/__cypress/runner/cypress_runner.js:165453:10)\n    at Promise._settlePromises (http://localhost:35729/__cypress/runner/cypress_runner.js:165528:18)\n    at Async../node_modules/bluebird/js/release/async.js.Async._drainQueue (http://localhost:35729/__cypress/runner/cypress_runner.js:162140:16)\n    at Async../node_modules/bluebird/js/release/async.js.Async._drainQueues (http://localhost:35729/__cypress/runner/cypress_runner.js:162150:10)\n    at Async.drainQueues (http://localhost:35729/__cypress/runner/cypress_runner.js:162024:14)",
                "diff": null
              },
              "uuid": "0ca7cc98-e240-4e57-9aa9-937bcff9b7fc",
              "parentUUID": "b4cf0196-1f9a-4dd7-8122-583f389d4523",
              "isHook": false,
              "skipped": false
            },
            {
              "title": "Verifica se os pixels dentro do quadro não têm a classe `selected` quando são clicados",
              "fullTitle": "7 - Clicar em uma das cores da paleta, faz com que ela seja selecionada e utilizada para preencher os pixels no quadro. Verifica se os pixels dentro do quadro não têm a classe `selected` quando são clicados",
              "timedOut": null,
              "duration": 4484,
              "state": "failed",
              "speed": null,
              "pass": false,
              "fail": true,
              "pending": false,
              "context": null,
              "code": "cy.get('.color').each(function (color) {\n  var backgroundColor = color.css('background-color');\n  cy.wrap(color).click();\n  cy.get('.pixel').each(function (pixel) {\n    cy.wrap(pixel).click().should('not.have.class', 'selected');\n  });\n});",
              "err": {
                "message": "CypressError: Timed out retrying: Expected to find element: '.color', but never found it.",
                "estack": "CypressError: Timed out retrying: Expected to find element: '.color', but never found it.\n    at cypressErr (http://localhost:35729/__cypress/runner/cypress_runner.js:149934:9)\n    at throwErr (http://localhost:35729/__cypress/runner/cypress_runner.js:149867:11)\n    at Object.throwErrByPath (http://localhost:35729/__cypress/runner/cypress_runner.js:149915:3)\n    at retry (http://localhost:35729/__cypress/runner/cypress_runner.js:144197:19)\n    at onFailFn (http://localhost:35729/__cypress/runner/cypress_runner.js:132448:16)\n    at tryCatcher (http://localhost:35729/__cypress/runner/cypress_runner.js:167415:23)\n    at Promise._settlePromiseFromHandler (http://localhost:35729/__cypress/runner/cypress_runner.js:165351:31)\n    at Promise._settlePromise (http://localhost:35729/__cypress/runner/cypress_runner.js:165408:18)\n    at Promise._settlePromise0 (http://localhost:35729/__cypress/runner/cypress_runner.js:165453:10)\n    at Promise._settlePromises (http://localhost:35729/__cypress/runner/cypress_runner.js:165528:18)\n    at Async../node_modules/bluebird/js/release/async.js.Async._drainQueue (http://localhost:35729/__cypress/runner/cypress_runner.js:162140:16)\n    at Async../node_modules/bluebird/js/release/async.js.Async._drainQueues (http://localhost:35729/__cypress/runner/cypress_runner.js:162150:10)\n    at Async.drainQueues (http://localhost:35729/__cypress/runner/cypress_runner.js:162024:14)",
                "diff": null
              },
              "uuid": "b8329720-8d7f-4492-9f62-3b7fe7476e10",
              "parentUUID": "b4cf0196-1f9a-4dd7-8122-583f389d4523",
              "isHook": false,
              "skipped": false
            }
          ],
          "suites": [],
          "passes": [],
          "failures": [
            "0ca7cc98-e240-4e57-9aa9-937bcff9b7fc",
            "b8329720-8d7f-4492-9f62-3b7fe7476e10"
          ],
          "pending": [],
          "skipped": [],
          "duration": 8914,
          "root": false,
          "rootEmpty": false,
          "_timeout": 2000
        },
        {
          "uuid": "e4673fbc-1055-4c5e-8cfb-b5acecaf7e9a",
          "title": "8 - Clicar em um pixel dentro do quadro após selecionar uma cor na paleta, faz com que o pixel seja preenchido com a cor selecionada.",
          "fullFile": "",
          "file": "",
          "beforeHooks": [],
          "afterHooks": [],
          "tests": [
            {
              "title": "Verifica se ao carregar a página deve ser possível pintar os pixels de preto",
              "fullTitle": "8 - Clicar em um pixel dentro do quadro após selecionar uma cor na paleta, faz com que o pixel seja preenchido com a cor selecionada. Verifica se ao carregar a página deve ser possível pintar os pixels de preto",
              "timedOut": null,
              "duration": 4492,
              "state": "failed",
              "speed": null,
              "pass": false,
              "fail": true,
              "pending": false,
              "context": null,
              "code": "cy.get('.pixel').each(function (pixel) {\n  cy.wrap(pixel).click().should('have.css', 'background-color', BLACK);\n});",
              "err": {
                "message": "CypressError: Timed out retrying: Expected to find element: '.pixel', but never found it.",
                "estack": "CypressError: Timed out retrying: Expected to find element: '.pixel', but never found it.\n    at cypressErr (http://localhost:35729/__cypress/runner/cypress_runner.js:149934:9)\n    at throwErr (http://localhost:35729/__cypress/runner/cypress_runner.js:149867:11)\n    at Object.throwErrByPath (http://localhost:35729/__cypress/runner/cypress_runner.js:149915:3)\n    at retry (http://localhost:35729/__cypress/runner/cypress_runner.js:144197:19)\n    at onFailFn (http://localhost:35729/__cypress/runner/cypress_runner.js:132448:16)\n    at tryCatcher (http://localhost:35729/__cypress/runner/cypress_runner.js:167415:23)\n    at Promise._settlePromiseFromHandler (http://localhost:35729/__cypress/runner/cypress_runner.js:165351:31)\n    at Promise._settlePromise (http://localhost:35729/__cypress/runner/cypress_runner.js:165408:18)\n    at Promise._settlePromise0 (http://localhost:35729/__cypress/runner/cypress_runner.js:165453:10)\n    at Promise._settlePromises (http://localhost:35729/__cypress/runner/cypress_runner.js:165528:18)\n    at Async../node_modules/bluebird/js/release/async.js.Async._drainQueue (http://localhost:35729/__cypress/runner/cypress_runner.js:162140:16)\n    at Async../node_modules/bluebird/js/release/async.js.Async._drainQueues (http://localhost:35729/__cypress/runner/cypress_runner.js:162150:10)\n    at Async.drainQueues (http://localhost:35729/__cypress/runner/cypress_runner.js:162024:14)",
                "diff": null
              },
              "uuid": "e33b551c-88ac-49df-bc11-a1e9be86c785",
              "parentUUID": "e4673fbc-1055-4c5e-8cfb-b5acecaf7e9a",
              "isHook": false,
              "skipped": false
            },
            {
              "title": "Verifica se após selecionar uma outra cor na paleta, é possível pintar os pixels com essa cor",
              "fullTitle": "8 - Clicar em um pixel dentro do quadro após selecionar uma cor na paleta, faz com que o pixel seja preenchido com a cor selecionada. Verifica se após selecionar uma outra cor na paleta, é possível pintar os pixels com essa cor",
              "timedOut": null,
              "duration": 4459,
              "state": "failed",
              "speed": null,
              "pass": false,
              "fail": true,
              "pending": false,
              "context": null,
              "code": "cy.get('.color').each(function (color) {\n  var backgroundColor = color.css('background-color');\n  cy.wrap(color).click();\n  cy.get('.pixel').each(function (pixel) {\n    cy.wrap(pixel).click().should('have.css', 'background-color', backgroundColor);\n  });\n});",
              "err": {
                "message": "CypressError: Timed out retrying: Expected to find element: '.color', but never found it.",
                "estack": "CypressError: Timed out retrying: Expected to find element: '.color', but never found it.\n    at cypressErr (http://localhost:35729/__cypress/runner/cypress_runner.js:149934:9)\n    at throwErr (http://localhost:35729/__cypress/runner/cypress_runner.js:149867:11)\n    at Object.throwErrByPath (http://localhost:35729/__cypress/runner/cypress_runner.js:149915:3)\n    at retry (http://localhost:35729/__cypress/runner/cypress_runner.js:144197:19)\n    at onFailFn (http://localhost:35729/__cypress/runner/cypress_runner.js:132448:16)\n    at tryCatcher (http://localhost:35729/__cypress/runner/cypress_runner.js:167415:23)\n    at Promise._settlePromiseFromHandler (http://localhost:35729/__cypress/runner/cypress_runner.js:165351:31)\n    at Promise._settlePromise (http://localhost:35729/__cypress/runner/cypress_runner.js:165408:18)\n    at Promise._settlePromise0 (http://localhost:35729/__cypress/runner/cypress_runner.js:165453:10)\n    at Promise._settlePromises (http://localhost:35729/__cypress/runner/cypress_runner.js:165528:18)\n    at Async../node_modules/bluebird/js/release/async.js.Async._drainQueue (http://localhost:35729/__cypress/runner/cypress_runner.js:162140:16)\n    at Async../node_modules/bluebird/js/release/async.js.Async._drainQueues (http://localhost:35729/__cypress/runner/cypress_runner.js:162150:10)\n    at Async.drainQueues (http://localhost:35729/__cypress/runner/cypress_runner.js:162024:14)",
                "diff": null
              },
              "uuid": "59cf37f7-a788-4cc7-8676-56c2fb65bdf5",
              "parentUUID": "e4673fbc-1055-4c5e-8cfb-b5acecaf7e9a",
              "isHook": false,
              "skipped": false
            },
            {
              "title": "Verifica se somente o pixel que foi clicado foi preenchido com a cor selecionada, sem influenciar na cor dos demais pixels.",
              "fullTitle": "8 - Clicar em um pixel dentro do quadro após selecionar uma cor na paleta, faz com que o pixel seja preenchido com a cor selecionada. Verifica se somente o pixel que foi clicado foi preenchido com a cor selecionada, sem influenciar na cor dos demais pixels.",
              "timedOut": null,
              "duration": 4559,
              "state": "failed",
              "speed": null,
              "pass": false,
              "fail": true,
              "pending": false,
              "context": null,
              "code": "var colorToPixelIndexMap = {\n  0: 6,\n  1: 8,\n  2: 16,\n  3: 18\n};\ncy.get('.color').each(function (color, index) {\n  cy.wrap(color).click();\n  var backgroundColor = color.css('background-color');\n  var clickedPixelIndex = colorToPixelIndexMap[index];\n  cy.get('.pixel').eq(clickedPixelIndex).click();\n  cy.get('.pixel').eq(clickedPixelIndex - 1).should('not.have.css', 'background-color', backgroundColor);\n  cy.get('.pixel').eq(clickedPixelIndex + 1).should('not.have.css', 'background-color', backgroundColor);\n  cy.get('.pixel').eq(clickedPixelIndex - 5).should('not.have.css', 'background-color', backgroundColor);\n  cy.get('.pixel').eq(clickedPixelIndex + 5).should('not.have.css', 'background-color', backgroundColor);\n  cy.get('.pixel').eq(clickedPixelIndex - 6).should('not.have.css', 'background-color', backgroundColor);\n  cy.get('.pixel').eq(clickedPixelIndex - 4).should('not.have.css', 'background-color', backgroundColor);\n  cy.get('.pixel').eq(clickedPixelIndex + 4).should('not.have.css', 'background-color', backgroundColor);\n  cy.get('.pixel').eq(clickedPixelIndex + 6).should('not.have.css', 'background-color', backgroundColor);\n});",
              "err": {
                "message": "CypressError: Timed out retrying: Expected to find element: '.color', but never found it.",
                "estack": "CypressError: Timed out retrying: Expected to find element: '.color', but never found it.\n    at cypressErr (http://localhost:35729/__cypress/runner/cypress_runner.js:149934:9)\n    at throwErr (http://localhost:35729/__cypress/runner/cypress_runner.js:149867:11)\n    at Object.throwErrByPath (http://localhost:35729/__cypress/runner/cypress_runner.js:149915:3)\n    at retry (http://localhost:35729/__cypress/runner/cypress_runner.js:144197:19)\n    at onFailFn (http://localhost:35729/__cypress/runner/cypress_runner.js:132448:16)\n    at tryCatcher (http://localhost:35729/__cypress/runner/cypress_runner.js:167415:23)\n    at Promise._settlePromiseFromHandler (http://localhost:35729/__cypress/runner/cypress_runner.js:165351:31)\n    at Promise._settlePromise (http://localhost:35729/__cypress/runner/cypress_runner.js:165408:18)\n    at Promise._settlePromise0 (http://localhost:35729/__cypress/runner/cypress_runner.js:165453:10)\n    at Promise._settlePromises (http://localhost:35729/__cypress/runner/cypress_runner.js:165528:18)\n    at Async../node_modules/bluebird/js/release/async.js.Async._drainQueue (http://localhost:35729/__cypress/runner/cypress_runner.js:162140:16)\n    at Async../node_modules/bluebird/js/release/async.js.Async._drainQueues (http://localhost:35729/__cypress/runner/cypress_runner.js:162150:10)\n    at Async.drainQueues (http://localhost:35729/__cypress/runner/cypress_runner.js:162024:14)",
                "diff": null
              },
              "uuid": "99c19ab2-c9d0-4642-98fa-37574787193e",
              "parentUUID": "e4673fbc-1055-4c5e-8cfb-b5acecaf7e9a",
              "isHook": false,
              "skipped": false
            }
          ],
          "suites": [],
          "passes": [],
          "failures": [
            "e33b551c-88ac-49df-bc11-a1e9be86c785",
            "59cf37f7-a788-4cc7-8676-56c2fb65bdf5",
            "99c19ab2-c9d0-4642-98fa-37574787193e"
          ],
          "pending": [],
          "skipped": [],
          "duration": 13510,
          "root": false,
          "rootEmpty": false,
          "_timeout": 2000
        },
        {
          "uuid": "83da6a15-3b6a-4027-a11f-59354da7bcff",
          "title": "9 - Crie um botão que, ao ser clicado, limpa o quadro preenchendo a cor de todos seus pixels com branco.",
          "fullFile": "",
          "file": "",
          "beforeHooks": [],
          "afterHooks": [],
          "tests": [
            {
              "title": "Verifica se o botão tem o `id` denominado `clear-board`",
              "fullTitle": "9 - Crie um botão que, ao ser clicado, limpa o quadro preenchendo a cor de todos seus pixels com branco. Verifica se o botão tem o `id` denominado `clear-board`",
              "timedOut": null,
              "duration": 4467,
              "state": "failed",
              "speed": null,
              "pass": false,
              "fail": true,
              "pending": false,
              "context": null,
              "code": "cy.get('#clear-board').should('be.visible');",
              "err": {
                "message": "CypressError: Timed out retrying: Expected to find element: '#clear-board', but never found it.",
                "estack": "CypressError: Timed out retrying: Expected to find element: '#clear-board', but never found it.\n    at cypressErr (http://localhost:35729/__cypress/runner/cypress_runner.js:149934:9)\n    at throwErr (http://localhost:35729/__cypress/runner/cypress_runner.js:149867:11)\n    at Object.throwErrByPath (http://localhost:35729/__cypress/runner/cypress_runner.js:149915:3)\n    at retry (http://localhost:35729/__cypress/runner/cypress_runner.js:144197:19)\n    at onFailFn (http://localhost:35729/__cypress/runner/cypress_runner.js:132448:16)\n    at tryCatcher (http://localhost:35729/__cypress/runner/cypress_runner.js:167415:23)\n    at Promise._settlePromiseFromHandler (http://localhost:35729/__cypress/runner/cypress_runner.js:165351:31)\n    at Promise._settlePromise (http://localhost:35729/__cypress/runner/cypress_runner.js:165408:18)\n    at Promise._settlePromise0 (http://localhost:35729/__cypress/runner/cypress_runner.js:165453:10)\n    at Promise._settlePromises (http://localhost:35729/__cypress/runner/cypress_runner.js:165528:18)\n    at Async../node_modules/bluebird/js/release/async.js.Async._drainQueue (http://localhost:35729/__cypress/runner/cypress_runner.js:162140:16)\n    at Async../node_modules/bluebird/js/release/async.js.Async._drainQueues (http://localhost:35729/__cypress/runner/cypress_runner.js:162150:10)\n    at Async.drainQueues (http://localhost:35729/__cypress/runner/cypress_runner.js:162024:14)",
                "diff": null
              },
              "uuid": "7562e2a2-6eca-40e9-ba84-b6fe193cda4d",
              "parentUUID": "83da6a15-3b6a-4027-a11f-59354da7bcff",
              "isHook": false,
              "skipped": false
            },
            {
              "title": "Verifica se o botão está posicionado entre a paleta de cores e o quadro de pixels",
              "fullTitle": "9 - Crie um botão que, ao ser clicado, limpa o quadro preenchendo a cor de todos seus pixels com branco. Verifica se o botão está posicionado entre a paleta de cores e o quadro de pixels",
              "timedOut": null,
              "duration": 4483,
              "state": "failed",
              "speed": null,
              "pass": false,
              "fail": true,
              "pending": false,
              "context": null,
              "code": "cy.get('#color-palette').then(function (palette) {\n  cy.get('#clear-board').should('be.belowOf', palette);\n});\ncy.get('#clear-board').then(function (clearBtn) {\n  cy.get('#pixel-board').should('be.belowOf', clearBtn);\n});",
              "err": {
                "message": "CypressError: Timed out retrying: Expected to find element: '#color-palette', but never found it.",
                "estack": "CypressError: Timed out retrying: Expected to find element: '#color-palette', but never found it.\n    at cypressErr (http://localhost:35729/__cypress/runner/cypress_runner.js:149934:9)\n    at throwErr (http://localhost:35729/__cypress/runner/cypress_runner.js:149867:11)\n    at Object.throwErrByPath (http://localhost:35729/__cypress/runner/cypress_runner.js:149915:3)\n    at retry (http://localhost:35729/__cypress/runner/cypress_runner.js:144197:19)\n    at onFailFn (http://localhost:35729/__cypress/runner/cypress_runner.js:132448:16)\n    at tryCatcher (http://localhost:35729/__cypress/runner/cypress_runner.js:167415:23)\n    at Promise._settlePromiseFromHandler (http://localhost:35729/__cypress/runner/cypress_runner.js:165351:31)\n    at Promise._settlePromise (http://localhost:35729/__cypress/runner/cypress_runner.js:165408:18)\n    at Promise._settlePromise0 (http://localhost:35729/__cypress/runner/cypress_runner.js:165453:10)\n    at Promise._settlePromises (http://localhost:35729/__cypress/runner/cypress_runner.js:165528:18)\n    at Async../node_modules/bluebird/js/release/async.js.Async._drainQueue (http://localhost:35729/__cypress/runner/cypress_runner.js:162140:16)\n    at Async../node_modules/bluebird/js/release/async.js.Async._drainQueues (http://localhost:35729/__cypress/runner/cypress_runner.js:162150:10)\n    at Async.drainQueues (http://localhost:35729/__cypress/runner/cypress_runner.js:162024:14)",
                "diff": null
              },
              "uuid": "7f6e52cf-b398-4782-93e7-72474aeea520",
              "parentUUID": "83da6a15-3b6a-4027-a11f-59354da7bcff",
              "isHook": false,
              "skipped": false
            },
            {
              "title": "Verifica se o texto do botão é 'Limpar'",
              "fullTitle": "9 - Crie um botão que, ao ser clicado, limpa o quadro preenchendo a cor de todos seus pixels com branco. Verifica se o texto do botão é 'Limpar'",
              "timedOut": null,
              "duration": 4500,
              "state": "failed",
              "speed": null,
              "pass": false,
              "fail": true,
              "pending": false,
              "context": null,
              "code": "cy.get('#clear-board').should('contain.text', 'Limpar');",
              "err": {
                "message": "CypressError: Timed out retrying: Expected to find element: '#clear-board', but never found it.",
                "estack": "CypressError: Timed out retrying: Expected to find element: '#clear-board', but never found it.\n    at cypressErr (http://localhost:35729/__cypress/runner/cypress_runner.js:149934:9)\n    at throwErr (http://localhost:35729/__cypress/runner/cypress_runner.js:149867:11)\n    at Object.throwErrByPath (http://localhost:35729/__cypress/runner/cypress_runner.js:149915:3)\n    at retry (http://localhost:35729/__cypress/runner/cypress_runner.js:144197:19)\n    at onFailFn (http://localhost:35729/__cypress/runner/cypress_runner.js:132448:16)\n    at tryCatcher (http://localhost:35729/__cypress/runner/cypress_runner.js:167415:23)\n    at Promise._settlePromiseFromHandler (http://localhost:35729/__cypress/runner/cypress_runner.js:165351:31)\n    at Promise._settlePromise (http://localhost:35729/__cypress/runner/cypress_runner.js:165408:18)\n    at Promise._settlePromise0 (http://localhost:35729/__cypress/runner/cypress_runner.js:165453:10)\n    at Promise._settlePromises (http://localhost:35729/__cypress/runner/cypress_runner.js:165528:18)\n    at Async../node_modules/bluebird/js/release/async.js.Async._drainQueue (http://localhost:35729/__cypress/runner/cypress_runner.js:162140:16)\n    at Async../node_modules/bluebird/js/release/async.js.Async._drainQueues (http://localhost:35729/__cypress/runner/cypress_runner.js:162150:10)\n    at Async.drainQueues (http://localhost:35729/__cypress/runner/cypress_runner.js:162024:14)",
                "diff": null
              },
              "uuid": "369ce498-9d77-4d25-ac9e-bf1895a1ec17",
              "parentUUID": "83da6a15-3b6a-4027-a11f-59354da7bcff",
              "isHook": false,
              "skipped": false
            },
            {
              "title": "Verifica se ao clicar no botão, o quadro de pixels é totalmente preenchido de branco",
              "fullTitle": "9 - Crie um botão que, ao ser clicado, limpa o quadro preenchendo a cor de todos seus pixels com branco. Verifica se ao clicar no botão, o quadro de pixels é totalmente preenchido de branco",
              "timedOut": null,
              "duration": 4482,
              "state": "failed",
              "speed": null,
              "pass": false,
              "fail": true,
              "pending": false,
              "context": null,
              "code": "cy.get('.color').eq(1).then(function (color) {\n  var backgroundColor = color.css('background-color');\n  cy.wrap(color).click();\n  cy.get('.pixel').each(function (pixel) {\n    cy.wrap(pixel).click().should('have.css', 'background-color', backgroundColor);\n  });\n});\ncy.get('#clear-board').click();\ncy.get('.pixel').each(function (pixel) {\n  cy.wrap(pixel).should('have.css', 'background-color', WHITE);\n});",
              "err": {
                "message": "CypressError: Timed out retrying: Expected to find element: '.color', but never found it.",
                "estack": "CypressError: Timed out retrying: Expected to find element: '.color', but never found it.\n    at cypressErr (http://localhost:35729/__cypress/runner/cypress_runner.js:149934:9)\n    at throwErr (http://localhost:35729/__cypress/runner/cypress_runner.js:149867:11)\n    at Object.throwErrByPath (http://localhost:35729/__cypress/runner/cypress_runner.js:149915:3)\n    at retry (http://localhost:35729/__cypress/runner/cypress_runner.js:144197:19)\n    at onFailFn (http://localhost:35729/__cypress/runner/cypress_runner.js:132448:16)\n    at tryCatcher (http://localhost:35729/__cypress/runner/cypress_runner.js:167415:23)\n    at Promise._settlePromiseFromHandler (http://localhost:35729/__cypress/runner/cypress_runner.js:165351:31)\n    at Promise._settlePromise (http://localhost:35729/__cypress/runner/cypress_runner.js:165408:18)\n    at Promise._settlePromise0 (http://localhost:35729/__cypress/runner/cypress_runner.js:165453:10)\n    at Promise._settlePromises (http://localhost:35729/__cypress/runner/cypress_runner.js:165528:18)\n    at Async../node_modules/bluebird/js/release/async.js.Async._drainQueue (http://localhost:35729/__cypress/runner/cypress_runner.js:162140:16)\n    at Async../node_modules/bluebird/js/release/async.js.Async._drainQueues (http://localhost:35729/__cypress/runner/cypress_runner.js:162150:10)\n    at Async.drainQueues (http://localhost:35729/__cypress/runner/cypress_runner.js:162024:14)",
                "diff": null
              },
              "uuid": "540e501f-1bac-4b82-badc-40e1397547b8",
              "parentUUID": "83da6a15-3b6a-4027-a11f-59354da7bcff",
              "isHook": false,
              "skipped": false
            }
          ],
          "suites": [],
          "passes": [],
          "failures": [
            "7562e2a2-6eca-40e9-ba84-b6fe193cda4d",
            "7f6e52cf-b398-4782-93e7-72474aeea520",
            "369ce498-9d77-4d25-ac9e-bf1895a1ec17",
            "540e501f-1bac-4b82-badc-40e1397547b8"
          ],
          "pending": [],
          "skipped": [],
          "duration": 17932,
          "root": false,
          "rootEmpty": false,
          "_timeout": 2000
        },
        {
          "uuid": "1d7ea403-b49f-459d-b135-e2b0e6073101",
          "title": "10 - Faça o quadro de pixels ter seu tamanho definido pelo usuário.",
          "fullFile": "",
          "file": "",
          "beforeHooks": [],
          "afterHooks": [],
          "tests": [
            {
              "title": "Verifica se existe um input com o id `board-size`",
              "fullTitle": "10 - Faça o quadro de pixels ter seu tamanho definido pelo usuário. Verifica se existe um input com o id `board-size`",
              "timedOut": null,
              "duration": 4528,
              "state": "failed",
              "speed": null,
              "pass": false,
              "fail": true,
              "pending": false,
              "context": null,
              "code": "cy.get('#board-size').should('be.visible');",
              "err": {
                "message": "CypressError: Timed out retrying: Expected to find element: '#board-size', but never found it.",
[...]
                "diff": null
              },
              "uuid": "cd706f83-a9f0-45b8-8598-bac2ccdccb13",
              "parentUUID": "1d7ea403-b49f-459d-b135-e2b0e6073101",
              "isHook": false,
              "skipped": false
            },
            {
              "title": "Verifica se o novo quadro tem todos os pixels preenchidos com a cor branca",
              "fullTitle": "10 - Faça o quadro de pixels ter seu tamanho definido pelo usuário. Verifica se o novo quadro tem todos os pixels preenchidos com a cor branca",
              "timedOut": null,
              "duration": 4523,
              "state": "failed",
              "speed": null,
              "pass": false,
              "fail": true,
              "pending": false,
              "context": null,
              "code": "cy.get('#board-size').clear().type(6);\ncy.get('#generate-board').click();\ncy.get('.pixel').should('have.length', 36).each(function (pixel) {\n  expect(pixel).to.have.css('background-color', WHITE);\n});",
              "err": {
                "message": "CypressError: Timed out retrying: Expected to find element: '#board-size', but never found it.",
                "estack": "CypressError: Timed out retrying: Expected to find element: '#board-size', but never found it.\n    at cypressErr (http://localhost:35729/__cypress/runner/cypress_runner.js:149934:9)\n    at throwErr (http://localhost:35729/__cypress/runner/cypress_runner.js:149867:11)\n    at Object.throwErrByPath (http://localhost:35729/__cypress/runner/cypress_runner.js:149915:3)\n    at retry (http://localhost:35729/__cypress/runner/cypress_runner.js:144197:19)\n    at onFailFn (http://localhost:35729/__cypress/runner/cypress_runner.js:132448:16)\n    at tryCatcher (http://localhost:35729/__cypress/runner/cypress_runner.js:167415:23)\n    at Promise._settlePromiseFromHandler (http://localhost:35729/__cypress/runner/cypress_runner.js:165351:31)\n    at Promise._settlePromise (http://localhost:35729/__cypress/runner/cypress_runner.js:165408:18)\n    at Promise._settlePromise0 (http://localhost:35729/__cypress/runner/cypress_runner.js:165453:10)\n    at Promise._settlePromises (http://localhost:35729/__cypress/runner/cypress_runner.js:165528:18)\n    at Async../node_modules/bluebird/js/release/async.js.Async._drainQueue (http://localhost:35729/__cypress/runner/cypress_runner.js:162140:16)\n    at Async../node_modules/bluebird/js/release/async.js.Async._drainQueues (http://localhost:35729/__cypress/runner/cypress_runner.js:162150:10)\n    at Async.drainQueues (http://localhost:35729/__cypress/runner/cypress_runner.js:162024:14)",
                "diff": null
              },
              "uuid": "766496a6-05bf-47d2-8a5e-e431d6518dbd",
              "parentUUID": "1d7ea403-b49f-459d-b135-e2b0e6073101",
              "isHook": false,
              "skipped": false
            }
          ],
          "suites": [],
          "passes": [],
          "failures": [
            "08341a96-183e-4cd2-84fd-d7007ac0b1f2",
            "528b1d67-edc8-4159-9e1b-8a54fa022181",
            "a02cac24-d4c0-4a30-bb01-332ee9fdf3a7",
            "0e86c05d-839e-4520-a715-918672bdcc3d",
            "95276ca6-cc4d-4c5a-8b39-c8c9f9a0e10c",
            "482dc1ae-f0ad-43e1-b9b0-3b6089258cb2",
            "19a5111e-85ee-4c1c-95a2-9bf0f128e066",
            "cd706f83-a9f0-45b8-8598-bac2ccdccb13",
            "766496a6-05bf-47d2-8a5e-e431d6518dbd"
          ],
          "pending": [],
          "skipped": [],
          "duration": 40373,
          "root": false,
          "rootEmpty": false,
          "_timeout": 2000
        },
        {
          "uuid": "9715b997-59c8-4d16-93f0-caeff5e554e9",
          "title": "11 - Limite o tamanho mínimo e máximo do board.",
          "fullFile": "",
          "file": "",
          "beforeHooks": [],
          "afterHooks": [],
          "tests": [
            {
              "title": "Verifica se a altura máxima do board é 50",
              "fullTitle": "11 - Limite o tamanho mínimo e máximo do board. Verifica se a altura máxima do board é 50",
              "timedOut": null,
              "duration": 4559,
              "state": "failed",
              "speed": null,
              "pass": false,
              "fail": true,
              "pending": false,
              "context": null,
              "code": "cy.get('#board-size').clear().type(50);\ncy.get('#generate-board').click();\ncy.get('.pixel').should('have.length', 2500);",
              "err": {
                "message": "CypressError: Timed out retrying: Expected to find element: '#board-size', but never found it.",
                "estack": "CypressError: Timed out retrying: Expected to find element: '#board-size', but never found it.\n    at cypressErr (http://localhost:35729/__cypress/runner/cypress_runner.js:149934:9)\n    at throwErr (http://localhost:35729/__cypress/runner/cypress_runner.js:149867:11)\n    at Object.throwErrByPath (http://localhost:35729/__cypress/runner/cypress_runner.js:149915:3)\n    at retry (http://localhost:35729/__cypress/runner/cypress_runner.js:144197:19)\n    at onFailFn (http://localhost:35729/__cypress/runner/cypress_runner.js:132448:16)\n    at tryCatcher (http://localhost:35729/__cypress/runner/cypress_runner.js:167415:23)\n    at Promise._settlePromiseFromHandler (http://localhost:35729/__cypress/runner/cypress_runner.js:165351:31)\n    at Promise._settlePromise (http://localhost:35729/__cypress/runner/cypress_runner.js:165408:18)\n    at Promise._settlePromise0 (http://localhost:35729/__cypress/runner/cypress_runner.js:165453:10)\n    at Promise._settlePromises (http://localhost:35729/__cypress/runner/cypress_runner.js:165528:18)\n    at Async../node_modules/bluebird/js/release/async.js.Async._drainQueue (http://localhost:35729/__cypress/runner/cypress_runner.js:162140:16)\n    at Async../node_modules/bluebird/js/release/async.js.Async._drainQueues (http://localhost:35729/__cypress/runner/cypress_runner.js:162150:10)\n    at Async.drainQueues (http://localhost:35729/__cypress/runner/cypress_runner.js:162024:14)",
                "diff": null
              },
              "uuid": "4c7f14ee-ef7d-4dad-bef8-28096f8408de",
              "parentUUID": "9715b997-59c8-4d16-93f0-caeff5e554e9",
              "isHook": false,
              "skipped": false
            },
            {
              "title": "Verifica se a altura do board é 5 quando um valor menor é colocado no input",
              "fullTitle": "11 - Limite o tamanho mínimo e máximo do board. Verifica se a altura do board é 5 quando um valor menor é colocado no input",
              "timedOut": null,
              "duration": 4580,
              "state": "failed",
              "speed": null,
              "pass": false,
              "fail": true,
              "pending": false,
              "context": null,
              "code": "cy.get('#board-size').clear().type(4);\ncy.get('#generate-board').click();\ncy.get('.pixel').should('have.length', 25);",
              "err": {
                "message": "CypressError: Timed out retrying: Expected to find element: '#board-size', but never found it.",
                "estack": "CypressError: Timed out retrying: Expected to find element: '#board-size', but never found it.\n    at cypressErr (http://localhost:35729/__cypress/runner/cypress_runner.js:149934:9)\n    at throwErr (http://localhost:35729/__cypress/runner/cypress_runner.js:149867:11)\n    at Object.throwErrByPath (http://localhost:35729/__cypress/runner/cypress_runner.js:149915:3)\n    at retry (http://localhost:35729/__cypress/runner/cypress_runner.js:144197:19)\n    at onFailFn (http://localhost:35729/__cypress/runner/cypress_runner.js:132448:16)\n    at tryCatcher (http://localhost:35729/__cypress/runner/cypress_runner.js:167415:23)\n    at Promise._settlePromiseFromHandler (http://localhost:35729/__cypress/runner/cypress_runner.js:165351:31)\n    at Promise._settlePromise (http://localhost:35729/__cypress/runner/cypress_runner.js:165408:18)\n    at Promise._settlePromise0 (http://localhost:35729/__cypress/runner/cypress_runner.js:165453:10)\n    at Promise._settlePromises (http://localhost:35729/__cypress/runner/cypress_runner.js:165528:18)\n    at Async../node_modules/bluebird/js/release/async.js.Async._drainQueue (http://localhost:35729/__cypress/runner/cypress_runner.js:162140:16)\n    at Async../node_modules/bluebird/js/release/async.js.Async._drainQueues (http://localhost:35729/__cypress/runner/cypress_runner.js:162150:10)\n    at Async.drainQueues (http://localhost:35729/__cypress/runner/cypress_runner.js:162024:14)",
                "diff": null
              },
              "uuid": "522ff46f-a2d1-4b54-80ff-e72377c66448",
              "parentUUID": "9715b997-59c8-4d16-93f0-caeff5e554e9",
              "isHook": false,
              "skipped": false
            },
            {
              "title": "Verifica se a altura do board é 50 quando um valor maior é colocado no input",
              "fullTitle": "11 - Limite o tamanho mínimo e máximo do board. Verifica se a altura do board é 50 quando um valor maior é colocado no input",
              "timedOut": null,
              "duration": 4711,
              "state": "failed",
              "speed": null,
              "pass": false,
              "fail": true,
              "pending": false,
              "context": null,
              "code": "cy.get('#board-size').clear().type(51);\ncy.get('#generate-board').click();\ncy.get('.pixel').should('have.length', 2500);",
              "err": {
                "message": "CypressError: Timed out retrying: Expected to find element: '#board-size', but never found it.",
                "estack": "CypressError: Timed out retrying: Expected to find element: '#board-size', but never found it.\n    at cypressErr (http://localhost:35729/__cypress/runner/cypress_runner.js:149934:9)\n    at throwErr (http://localhost:35729/__cypress/runner/cypress_runner.js:149867:11)\n    at Object.throwErrByPath (http://localhost:35729/__cypress/runner/cypress_runner.js:149915:3)\n    at retry (http://localhost:35729/__cypress/runner/cypress_runner.js:144197:19)\n    at onFailFn (http://localhost:35729/__cypress/runner/cypress_runner.js:132448:16)\n    at tryCatcher (http://localhost:35729/__cypress/runner/cypress_runner.js:167415:23)\n    at Promise._settlePromiseFromHandler (http://localhost:35729/__cypress/runner/cypress_runner.js:165351:31)\n    at Promise._settlePromise (http://localhost:35729/__cypress/runner/cypress_runner.js:165408:18)\n    at Promise._settlePromise0 (http://localhost:35729/__cypress/runner/cypress_runner.js:165453:10)\n    at Promise._settlePromises (http://localhost:35729/__cypress/runner/cypress_runner.js:165528:18)\n    at Async../node_modules/bluebird/js/release/async.js.Async._drainQueue (http://localhost:35729/__cypress/runner/cypress_runner.js:162140:16)\n    at Async../node_modules/bluebird/js/release/async.js.Async._drainQueues (http://localhost:35729/__cypress/runner/cypress_runner.js:162150:10)\n    at Async.drainQueues (http://localhost:35729/__cypress/runner/cypress_runner.js:162024:14)",
                "diff": null
              },
              "uuid": "b5f67cae-9ec8-4d71-91c8-2ec7a9b1c0ae",
              "parentUUID": "9715b997-59c8-4d16-93f0-caeff5e554e9",
              "isHook": false,
              "skipped": false
            }
          ],
          "suites": [],
          "passes": [],
          "failures": [
            "4c7f14ee-ef7d-4dad-bef8-28096f8408de",
            "522ff46f-a2d1-4b54-80ff-e72377c66448",
            "b5f67cae-9ec8-4d71-91c8-2ec7a9b1c0ae"
          ],
          "pending": [],
          "skipped": [],
          "duration": 13850,
          "root": false,
          "rootEmpty": false,
          "_timeout": 2000
        },
        {
          "uuid": "a8f18331-a66c-40d6-bba6-0c5eb4fbaba9",
          "title": "12 - Faça com que as cores da paleta sejam geradas aleatoriamente ao carregar a página.",
          "fullFile": "",
          "file": "",
          "beforeHooks": [],
          "afterHooks": [],
          "tests": [
            {
              "title": "Verifica se as cores geradas na paleta são diferentes a cada carregamento da página",
              "fullTitle": "12 - Faça com que as cores da paleta sejam geradas aleatoriamente ao carregar a página. Verifica se as cores geradas na paleta são diferentes a cada carregamento da página",
              "timedOut": null,
              "duration": 4554,
              "state": "failed",
              "speed": null,
              "pass": false,
              "fail": true,
              "pending": false,
              "context": null,
              "code": "cy.get('.color').then(function (colors) {\n  var currentColors;\n  var previousColors;\n  previousColors = Array.from(colors).map(function (color) {\n    return Cypress.$(color).css('background-color');\n  });\n  for (var i = 0; i < 5; i += 1) {\n    cy.reload();\n    cy.get('.color').then(function (colors) {\n      currentColors = Array.from(colors).map(function (color) {\n        return Cypress.$(color).css('background-color');\n      });\n      expect(currentColors).not.to.deep.equal(previousColors);\n      previousColors = currentColors;\n    });\n  }\n});",
              "err": {
                "message": "CypressError: Timed out retrying: Expected to find element: '.color', but never found it.",
                "estack": "CypressError: Timed out retrying: Expected to find element: '.color', but never found it.\n    at cypressErr (http://localhost:35729/__cypress/runner/cypress_runner.js:149934:9)\n    at throwErr (http://localhost:35729/__cypress/runner/cypress_runner.js:149867:11)\n    at Object.throwErrByPath (http://localhost:35729/__cypress/runner/cypress_runner.js:149915:3)\n    at retry (http://localhost:35729/__cypress/runner/cypress_runner.js:144197:19)\n    at onFailFn (http://localhost:35729/__cypress/runner/cypress_runner.js:132448:16)\n    at tryCatcher (http://localhost:35729/__cypress/runner/cypress_runner.js:167415:23)\n    at Promise._settlePromiseFromHandler (http://localhost:35729/__cypress/runner/cypress_runner.js:165351:31)\n    at Promise._settlePromise (http://localhost:35729/__cypress/runner/cypress_runner.js:165408:18)\n    at Promise._settlePromise0 (http://localhost:35729/__cypress/runner/cypress_runner.js:165453:10)\n    at Promise._settlePromises (http://localhost:35729/__cypress/runner/cypress_runner.js:165528:18)\n    at Async../node_modules/bluebird/js/release/async.js.Async._drainQueue (http://localhost:35729/__cypress/runner/cypress_runner.js:162140:16)\n    at Async../node_modules/bluebird/js/release/async.js.Async._drainQueues (http://localhost:35729/__cypress/runner/cypress_runner.js:162150:10)\n    at Async.drainQueues (http://localhost:35729/__cypress/runner/cypress_runner.js:162024:14)",
                "diff": null
              },
              "uuid": "7099ca1b-9e47-44e1-9bf3-5de518a61f5b",
              "parentUUID": "a8f18331-a66c-40d6-bba6-0c5eb4fbaba9",
              "isHook": false,
              "skipped": false
            },
            {
              "title": "Verifica se a cor preta ainda está presente e é a primeira na sua paleta de cores",
              "fullTitle": "12 - Faça com que as cores da paleta sejam geradas aleatoriamente ao carregar a página. Verifica se a cor preta ainda está presente e é a primeira na sua paleta de cores",
              "timedOut": null,
              "duration": 4511,
              "state": "failed",
              "speed": null,
              "pass": false,
              "fail": true,
              "pending": false,
              "context": null,
              "code": "cy.get('.color').then(function (colors) {\n  var currentColors;\n  var previousColors;\n  previousColors = Array.from(colors).map(function (color) {\n    return Cypress.$(color).css('background-color');\n  });\n  expect(previousColors[0]).to.eq(BLACK);\n  for (var i = 0; i < 5; i += 1) {\n    cy.reload();\n    cy.get('.color').then(function (colors) {\n      currentColors = Array.from(colors).map(function (color) {\n        return Cypress.$(color).css('background-color');\n      });\n      expect(currentColors[0]).to.eq(BLACK);\n      expect(currentColors).not.to.deep.equal(previousColors);\n      previousColors = currentColors;\n    });\n  }\n});",
              "err": {
                "message": "CypressError: Timed out retrying: Expected to find element: '.color', but never found it.",
                "estack": "CypressError: Timed out retrying: Expected to find element: '.color', but never found it.\n    at cypressErr (http://localhost:35729/__cypress/runner/cypress_runner.js:149934:9)\n    at throwErr (http://localhost:35729/__cypress/runner/cypress_runner.js:149867:11)\n    at Object.throwErrByPath (http://localhost:35729/__cypress/runner/cypress_runner.js:149915:3)\n    at retry (http://localhost:35729/__cypress/runner/cypress_runner.js:144197:19)\n    at onFailFn (http://localhost:35729/__cypress/runner/cypress_runner.js:132448:16)\n    at tryCatcher (http://localhost:35729/__cypress/runner/cypress_runner.js:167415:23)\n    at Promise._settlePromiseFromHandler (http://localhost:35729/__cypress/runner/cypress_runner.js:165351:31)\n    at Promise._settlePromise (http://localhost:35729/__cypress/runner/cypress_runner.js:165408:18)\n    at Promise._settlePromise0 (http://localhost:35729/__cypress/runner/cypress_runner.js:165453:10)\n    at Promise._settlePromises (http://localhost:35729/__cypress/runner/cypress_runner.js:165528:18)\n    at Async../node_modules/bluebird/js/release/async.js.Async._drainQueue (http://localhost:35729/__cypress/runner/cypress_runner.js:162140:16)\n    at Async../node_modules/bluebird/js/release/async.js.Async._drainQueues (http://localhost:35729/__cypress/runner/cypress_runner.js:162150:10)\n    at Async.drainQueues (http://localhost:35729/__cypress/runner/cypress_runner.js:162024:14)",
                "diff": null
              },
              "uuid": "a8522972-b692-4492-a89c-7c664e82c030",
              "parentUUID": "a8f18331-a66c-40d6-bba6-0c5eb4fbaba9",
              "isHook": false,
              "skipped": false
            }
          ],
          "suites": [],
          "passes": [],
          "failures": [
            "7099ca1b-9e47-44e1-9bf3-5de518a61f5b",
            "a8522972-b692-4492-a89c-7c664e82c030"
          ],
          "pending": [],
          "skipped": [],
          "duration": 9065,
          "root": false,
          "rootEmpty": false,
          "_timeout": 2000
        }
      ],
      "passes": [],
      "failures": [],
      "pending": [],
      "skipped": [],
      "duration": 0,
      "root": true,
      "rootEmpty": true,
      "_timeout": 2000
    }
  ],
  "meta": {
    "mocha": {
      "version": "7.0.1"
    },
    "mochawesome": {
      "options": {
        "quiet": false,
        "reportFilename": "mochawesome",
        "saveHtml": false,
        "saveJson": true,
        "consoleReporter": "spec",
        "useInlineDiffs": false
      },
      "version": "4.1.0"
    },
    "marge": {
      "options": {
        "id": "default",
        "reportDir": "cypress/reports",
        "overwrite": true,
        "html": false,
        "json": true
      },
      "version": "4.1.0"
    }
  }
}